
update time: 2022年 07月 05日 星期二 22:05:10 CST
**********************************START************************************************

update time: 2022年 07月 05日 星期二 22:05:27 CST
**********************************START************************************************

update time: 2022年 07月 05日 星期二 22:20:28 CST
**********************************START************************************************
# 位于分支 master
# 尚未暂存以备提交的变更：
#   （使用 "git add <file>..." 更新要提交的内容）
#   （使用 "git checkout -- <file>..." 丢弃工作区的改动）
#
#	修改：      tip.txt
#	修改：      update_code_cron.sh
#	修改：      zz.log
#
修改尚未加入提交（使用 "git add" 和/或 "git commit -a"）
提交代码到github

update time: 2022年 07月 05日 星期二 22:25:46 CST
**********************************START************************************************
# 位于分支 master
# 尚未暂存以备提交的变更：
#   （使用 "git add <file>..." 更新要提交的内容）
#   （使用 "git checkout -- <file>..." 丢弃工作区的改动）
#
#	修改：      tip.txt
#	修改：      update_code_cron.sh
#	修改：      zz.log
#
修改尚未加入提交（使用 "git add" 和/或 "git commit -a"）
获取未提交代码的状态成功！！！
