
<<<<<<< HEAD
update time: 2022年 11月 24日 星期四 01:00:02 CST
=======
update time: 2022年 11月 24日 星期四 00:00:01 CST
**********************************************************************************

update time: 2022年 11月 24日 星期四 00:30:01 CST
>>>>>>> 2cec32baafd73f43d43b8caa9e9fd1a619805c98
**********************************************************************************

update time: 2022年 11月 24日 星期四 01:30:01 CST
**********************************************************************************

update time: 2022年 11月 24日 星期四 02:00:01 CST
**********************************************************************************

update time: 2022年 11月 24日 星期四 02:30:01 CST
**********************************************************************************

update time: 2022年 11月 24日 星期四 03:00:02 CST
**********************************************************************************

update time: 2022年 11月 24日 星期四 03:30:01 CST
**********************************************************************************

update time: 2022年 11月 24日 星期四 04:00:01 CST
**********************************************************************************

update time: 2022年 11月 24日 星期四 04:30:01 CST
**********************************************************************************

update time: 2022年 11月 24日 星期四 05:00:01 CST
**********************************************************************************

update time: 2022年 11月 24日 星期四 05:30:01 CST
**********************************************************************************

update time: 2022年 11月 24日 星期四 06:00:01 CST
**********************************************************************************

update time: 2022年 11月 24日 星期四 06:30:02 CST
**********************************************************************************

update time: 2022年 11月 24日 星期四 10:00:01 CST
**********************************************************************************

update time: 2022年 11月 24日 星期四 10:30:01 CST
**********************************************************************************

update time: 2022年 11月 24日 星期四 11:00:01 CST
**********************************************************************************

update time: 2022年 11月 24日 星期四 11:30:01 CST
**********************************************************************************

update time: 2022年 11月 24日 星期四 12:00:01 CST
**********************************************************************************

update time: 2022年 11月 24日 星期四 12:30:01 CST
**********************************************************************************

update time: 2022年 11月 24日 星期四 13:00:01 CST
**********************************************************************************

update time: 2022年 11月 24日 星期四 13:30:01 CST
**********************************************************************************

update time: 2022年 11月 24日 星期四 14:00:01 CST
**********************************************************************************

update time: 2022年 11月 24日 星期四 14:30:01 CST
**********************************************************************************

update time: 2022年 11月 24日 星期四 15:00:01 CST
**********************************************************************************

update time: 2022年 11月 24日 星期四 15:30:01 CST
**********************************************************************************

update time: 2022年 11月 24日 星期四 16:00:01 CST
**********************************************************************************

update time: 2022年 11月 24日 星期四 16:30:01 CST
**********************************************************************************

update time: 2022年 11月 24日 星期四 17:00:01 CST
**********************************************************************************

update time: 2022年 11月 24日 星期四 17:30:01 CST
**********************************************************************************

update time: 2022年 11月 24日 星期四 18:00:01 CST
**********************************************************************************
